<?xml version="1.0" encoding="UTF-8"?>
<testsuite xmlns:xsi="http://www.w3.org/2001/XMLSchema-instance" xsi:noNamespaceSchemaLocation="https://maven.apache.org/surefire/maven-surefire-plugin/xsd/surefire-test-report-3.0.xsd" version="3.0" name="com.mediagenix.videos.VideoControllerTest" time="6.381" tests="12" errors="0" skipped="0" failures="0">
  <properties>
[...]
</properties>
  <testcase name="seriesEndpoint_returnsOnlySeries" classname="com.mediagenix.videos.VideoControllerTest" time="1.768">
    <system-out><![CDATA[23:30:22.487 [main] INFO org.springframework.test.context.support.AnnotationConfigContextLoaderUtils -- Could not detect default configuration classes for test class [com.mediagenix.videos.VideoControllerTest]: VideoControllerTest does not declare any static, non-private, non-final, nested classes annotated with @Configuration.
23:30:22.720 [main] INFO org.springframework.boot.test.context.SpringBootTestContextBootstrapper -- Found @SpringBootConfiguration com.mediagenix.videos.VideoRecoApp for test class com.mediagenix.videos.VideoControllerTest

  .   ____          _            __ _ _
 /\\ / ___'_ __ _ _(_)_ __  __ _ \ \ \ \
( ( )\___ | '_ | '_| | '_ \/ _` | \ \ \ \
 \\/  ___)| |_)| | | | | || (_| |  ) ) ) )
  '  |____| .__|_| |_|_| |_\__, | / / / /
 =========|_|==============|___/=/_/_/_/

 :: Spring Boot ::                (v3.3.2)

2025-08-20T23:30:23.423+02:00  INFO 56036 --- [           main] c.mediagenix.videos.VideoControllerTest  : Starting VideoControllerTest using Java 21.0.7 with PID 56036 (started by amine in C:\Users\amine\Documents\Documents Personnels\Amine\Dev Projects\video-reco-api)
2025-08-20T23:30:23.424+02:00  INFO 56036 --- [           main] c.mediagenix.videos.VideoControllerTest  : No active profile set, falling back to 1 default profile: "default"
2025-08-20T23:30:26.547+02:00  INFO 56036 --- [           main] o.s.b.t.m.w.SpringBootMockServletContext : Initializing Spring TestDispatcherServlet ''
2025-08-20T23:30:26.547+02:00  INFO 56036 --- [           main] o.s.t.web.servlet.TestDispatcherServlet  : Initializing Servlet ''
2025-08-20T23:30:26.551+02:00  INFO 56036 --- [           main] o.s.t.web.servlet.TestDispatcherServlet  : Completed initialization in 1 ms
2025-08-20T23:30:26.586+02:00  INFO 56036 --- [           main] c.mediagenix.videos.VideoControllerTest  : Started VideoControllerTest in 3.589 seconds (process running for 5.212)
]]></system-out>
    <system-err><![CDATA[WARNING: A Java agent has been loaded dynamically (C:\Users\amine\.m2\repository\net\bytebuddy\byte-buddy-agent\1.14.18\byte-buddy-agent-1.14.18.jar)
WARNING: If a serviceability tool is in use, please run with -XX:+EnableDynamicAgentLoading to hide this warning
WARNING: If a serviceability tool is not in use, please run with -Djdk.instrument.traceUsage for more information
WARNING: Dynamic loading of agents will be disallowed by default in a future release
]]></system-err>
  </testcase>
  <testcase name="addSeriesWithDirector_badRequest" classname="com.mediagenix.videos.VideoControllerTest" time="0.037"/>
  <testcase name="deleteAndDeletedIds" classname="com.mediagenix.videos.VideoControllerTest" time="0.02"/>
  <testcase name="addBaseWithEpisodes_badRequest" classname="com.mediagenix.videos.VideoControllerTest" time="0.008"/>
  <testcase name="addMovie_ok" classname="com.mediagenix.videos.VideoControllerTest" time="0.014"/>
  <testcase name="addSeries_ok" classname="com.mediagenix.videos.VideoControllerTest" time="0.008"/>
  <testcase name="addMovieWithoutDirector_badRequest" classname="com.mediagenix.videos.VideoControllerTest" time="0.008"/>
  <testcase name="similarVideos_returnsExpected" classname="com.mediagenix.videos.VideoControllerTest" time="0.016"/>
  <testcase name="moviesEndpoint_returnsOnlyMovies" classname="com.mediagenix.videos.VideoControllerTest" time="0.008"/>
  <testcase name="searchValidToken_returnsResults" classname="com.mediagenix.videos.VideoControllerTest" time="0.009"/>
  <testcase name="searchShortToken_returnsEmpty" classname="com.mediagenix.videos.VideoControllerTest" time="0.013"/>
  <testcase name="addBaseVideo_ok" classname="com.mediagenix.videos.VideoControllerTest" time="0.008"/>
</testsuite>